{
  "RSpec": {
    "coverage": {
      "/Users/amandavuong/Dropbox/projects/postcourse/ruby/process_workshops/change_converter/spec/change_converter_spec.rb": {
        "lines": [
          1,
          null,
          1,
          1,
          1,
          null,
          1,
          1,
          null,
          1,
          1,
          null,
          1,
          1,
          null,
          1,
          1,
          null,
          null
        ]
      },
      "/Users/amandavuong/Dropbox/projects/postcourse/ruby/process_workshops/change_converter/lib/change_converter.rb": {
        "lines": [
          1,
          1,
          null,
          5,
          null,
          null,
          null,
          null,
          null,
          null,
          null,
          null,
          null,
          null,
          null,
          null,
          null,
          null,
          1,
          5,
          5,
          5,
          55,
          8,
          8,
          12,
          12,
          null,
          8,
          8,
          8,
          null,
          null,
          null,
          5,
          null,
          null
        ]
      }
    },
    "timestamp": 1638785754
  }
}
