{
  "RSpec": {
    "coverage": {
      "/Users/amandavuong/Dropbox/projects/postcourse/ruby/process_workshops/change_converter/spec/change_converter_spec.rb": {
        "lines": [
          1,
          null,
          1,
          1,
          1,
          null,
          1,
          1,
          null,
          1,
          1,
          null,
          1,
          1,
          null,
          1,
          1,
          null,
          1,
          1,
          null,
          1,
          1,
          null,
          null
        ]
      },
      "/Users/amandavuong/Dropbox/projects/postcourse/ruby/process_workshops/change_converter/lib/change_converter.rb": {
        "lines": [
          1,
          1,
          null,
          7,
          null,
          null,
          null,
          null,
          null,
          null,
          null,
          null,
          null,
          null,
          null,
          null,
          null,
          null,
          1,
          7,
          7,
          7,
          77,
          20,
          20,
          29,
          29,
          null,
          20,
          20,
          20,
          20,
          null,
          null,
          7,
          null,
          null
        ]
      }
    },
    "timestamp": 1638788037
  }
}
